2026-02-16T16:36:47.648Z  INFO 21076 --- [app] [main] com.recipenest.app.AppApplication        : Starting AppApplication using Java 17.0.12 with PID 21076 (C:\Users\Student\Desktop\Assignment1\app\build\classes\java\main started by Student in C:\Users\Student\Desktop\Assignment1\app)
2026-02-16T16:36:47.657Z  INFO 21076 --- [app] [main] com.recipenest.app.AppApplication        : No active profile set, falling back to 1 default profile: "default"
2026-02-16T16:36:48.360Z  INFO 21076 --- [app] [main] .s.d.r.c.RepositoryConfigurationDelegate : Bootstrapping Spring Data JPA repositories in DEFAULT mode.
2026-02-16T16:36:48.383Z  INFO 21076 --- [app] [main] .s.d.r.c.RepositoryConfigurationDelegate : Finished Spring Data repository scanning in 11 ms. Found 0 JPA repository interfaces.
2026-02-16T16:36:48.875Z  INFO 21076 --- [app] [main] o.s.boot.tomcat.TomcatWebServer          : Tomcat initialized with port 8080 (http)
2026-02-16T16:36:48.890Z  INFO 21076 --- [app] [main] o.apache.catalina.core.StandardService   : Starting service [Tomcat]
2026-02-16T16:36:48.891Z  INFO 21076 --- [app] [main] o.apache.catalina.core.StandardEngine    : Starting Servlet engine: [Apache Tomcat/11.0.15]
2026-02-16T16:36:48.940Z  INFO 21076 --- [app] [main] b.w.c.s.WebApplicationContextInitializer : Root WebApplicationContext: initialization completed in 1230 ms
2026-02-16T16:36:49.091Z  INFO 21076 --- [app] [main] com.zaxxer.hikari.HikariDataSource       : HikariPool-1 - Starting...
2026-02-16T16:36:49.340Z  INFO 21076 --- [app] [main] com.zaxxer.hikari.pool.HikariPool        : HikariPool-1 - Added connection conn0: url=jdbc:h2:mem:recipenest user=SA
2026-02-16T16:36:49.342Z  INFO 21076 --- [app] [main] com.zaxxer.hikari.HikariDataSource       : HikariPool-1 - Start completed.
2026-02-16T16:36:49.393Z  INFO 21076 --- [app] [main] org.hibernate.orm.jpa                    : HHH008540: Processing PersistenceUnitInfo [name: default]
2026-02-16T16:36:49.475Z  INFO 21076 --- [app] [main] org.hibernate.orm.core                   : HHH000001: Hibernate ORM core version 7.2.1.Final
2026-02-16T16:36:50.058Z  INFO 21076 --- [app] [main] o.s.o.j.p.SpringPersistenceUnitInfo      : No LoadTimeWeaver setup: ignoring JPA class transformer
2026-02-16T16:36:50.195Z  INFO 21076 --- [app] [main] org.hibernate.orm.connections.pooling    : HHH10001005: Database info:
	Database JDBC URL [jdbc:h2:mem:recipenest]
	Database driver: H2 JDBC Driver
	Database dialect: H2Dialect
	Database version: 2.4.240
	Default catalog/schema: RECIPENEST/PUBLIC
	Autocommit mode: undefined/unknown
	Isolation level: READ_COMMITTED [default READ_COMMITTED]
	JDBC fetch size: 100
	Pool: DataSourceConnectionProvider
	Minimum pool size: undefined/unknown
	Maximum pool size: undefined/unknown
2026-02-16T16:36:51.338Z  INFO 21076 --- [app] [main] org.hibernate.orm.core                   : HHH000489: No JTA platform available (set 'hibernate.transaction.jta.platform' to enable JTA platform integration)
2026-02-16T16:36:51.391Z  INFO 21076 --- [app] [main] j.LocalContainerEntityManagerFactoryBean : Initialized JPA EntityManagerFactory for persistence unit 'default'
2026-02-16T16:36:51.458Z  WARN 21076 --- [app] [main] JpaBaseConfiguration$JpaWebConfiguration : spring.jpa.open-in-view is enabled by default. Therefore, database queries may be performed during view rendering. Explicitly configure spring.jpa.open-in-view to disable this warning
2026-02-16T16:36:51.788Z  INFO 21076 --- [app] [main] o.s.b.h.a.H2ConsoleAutoConfiguration     : H2 console available at '/h2-console'. Database available at 'jdbc:h2:mem:recipenest'
2026-02-16T16:36:51.854Z  INFO 21076 --- [app] [main] o.s.boot.tomcat.TomcatWebServer          : Tomcat started on port 8080 (http) with context path '/'
2026-02-16T16:36:51.859Z  INFO 21076 --- [app] [main] com.recipenest.app.AppApplication        : Started AppApplication in 4.829 seconds (process running for 5.694)
2026-02-16T16:37:43.740Z  INFO 21076 --- [app] [SpringApplicationShutdownHook] o.s.boot.tomcat.GracefulShutdown         : Commencing graceful shutdown. Waiting for active requests to complete
2026-02-16T16:37:43.878Z  INFO 21076 --- [app] [tomcat-shutdown] o.s.boot.tomcat.GracefulShutdown         : Graceful shutdown complete
2026-02-16T16:37:43.882Z  INFO 21076 --- [app] [SpringApplicationShutdownHook] j.LocalContainerEntityManagerFactoryBean : Closing JPA EntityManagerFactory for persistence unit 'default'
2026-02-16T16:37:43.886Z  INFO 21076 --- [app] [SpringApplicationShutdownHook] com.zaxxer.hikari.HikariDataSource       : HikariPool-1 - Shutdown initiated...
2026-02-16T16:37:43.888Z  INFO 21076 --- [app] [SpringApplicationShutdownHook] com.zaxxer.hikari.HikariDataSource       : HikariPool-1 - Shutdown completed.
